{
"contracts\\contract.sol":{"l":{"14":0,"19":0,"24":0},"path":"D:\\EPITA\\Block Chain\\fin-twitter\\contracts\\contract.sol","s":{"1":0,"2":0,"3":0},"b":{},"f":{"1":0,"2":0,"3":0},"fnMap":{"1":{"name":"constructor","line":13,"loc":{"start":{"line":13,"column":4},"end":{"line":15,"column":4}}},"2":{"name":"getContent","line":17,"loc":{"start":{"line":17,"column":4},"end":{"line":20,"column":4}}},"3":{"name":"setContent","line":22,"loc":{"start":{"line":22,"column":4},"end":{"line":25,"column":4}}}},"statementMap":{"1":{"start":{"line":14,"column":8},"end":{"line":14,"column":27}},"2":{"start":{"line":19,"column":8},"end":{"line":19,"column":22}},"3":{"start":{"line":24,"column":8},"end":{"line":24,"column":28}}},"branchMap":{}}}
